============================= test session starts ==============================
platform darwin -- Python 3.9.18, pytest-8.0.2, pluggy-1.4.0 -- /Users/rrn22/miniconda3/envs/tobin_env/bin/python3.9
cachedir: .pytest_cache
benchmark: 4.0.0 (defaults: timer=time.perf_counter disable_gc=False min_rounds=5 min_time=0.000005 max_time=1.0 calibration_precision=10 warmup=False warmup_iterations=100000)
rootdir: /Users/rrn22/ctdot-tobin-yse/13_Arkolakis
plugins: anyio-4.2.0, benchmark-4.0.0
collecting ... collected 1 item

test_algorithms.py::test_bellman_ford_dijkstra FAILED                    [100%]

=================================== FAILURES ===================================
__________________________ test_bellman_ford_dijkstra __________________________

setup_graph = (<bellman_ford.Graph object at 0x106e69730>, array([[1., 0., 0., 0., 0., 1., 0., 0., 0., 1., 0., 0., 1., 1., 0., 0.,
 ...2, 2, 2, 3, 3, 3, 4, 3, 2, 1, 2, 1, 2, 3, 4, 3],
       [3, 1, 4, 3, 2, 1, 1, 3, 2, 3, 4, 4, 3, 3, 2, 3, 1, 2, 2, 3]]))
capfd = <_pytest.capture.CaptureFixture object at 0x106e5ddf0>

    def test_bellman_ford_dijkstra(setup_graph, capfd):
        g, graph, graph_weights = setup_graph
        g.BellmanFord(0)
        out1, err1 = capfd.readouterr()
        g.reset()
        g.Dijkstra(0)
        out2, err2 = capfd.readouterr()
        print(graph)
        print(graph_weights)
    
>       assert(out1 == out2)
E       AssertionError: assert 'Vertex Distance from Source, and Path\n0\t0\t\t[0]\n1\t2\t\t[0, 13, 1]\n2\t3\t\t[0, 5, 2]\n3\t4\t\t[0, 5, 3]\n4\t5\t\t[0, 9, 4]\n5\t1\t\t[0, 5]\n6\t4\t\t[0, 5, 8, 6]\n7\t2\t\t[0, 5, 7]\n8\t3\t\t[0, 5, 8]\n9\t4\t\t[0, 9]\n10\t5\t\t[0, 5, 2, 10]\n11\t5\t\t[0, 9, 11]\n12\t2\t\t[0, 12]\n13\t1\t\t[0, 13]\n14\t2\t\t[0, 13, 14]\n15\t6\t\t[0, 5, 7, 15]\n16\t3\t\t[0, 5, 19, 16]\n17\t4\t\t[0, 5, 19, 17]\n18\t4\t\t[0, 13, 14, 18]\n19\t2\t\t[0, 5, 19]\n' == 'Vertex Distance from Source, and Path\n0\t0\t\t[0]\n1\t2\t\t[0, 13, 1]\n2\t3\t\t[0, 5, 2]\n3\t4\t\t[0, 5, 3]\n4\t5\t\t[0, 13, 1, 4]\n5\t1\t\t[0, 5]\n6\t4\t\t[0, 5, 8, 6]\n7\t2\t\t[0, 5, 7]\n8\t3\t\t[0, 5, 8]\n9\t4\t\t[0, 9]\n10\t5\t\t[0, 5, 2, 10]\n11\t5\t\t[0, 9, 11]\n12\t2\t\t[0, 12]\n13\t1\t\t[0, 13]\n14\t2\t\t[0, 13, 14]\n15\t6\t\t[0, 5, 7, 15]\n16\t3\t\t[0, 5, 19, 16]\n17\t4\t\t[0, 5, 19, 17]\n18\t4\t\t[0, 13, 14, 18]\n19\t2\t\t[0, 5, 19]\n'
E         
E           Vertex Distance from Source, and Path
E           0	0		[0]
E           1	2		[0, 13, 1]
E           2	3		[0, 5, 2]
E           3	4		[0, 5, 3]
E         - 4	5		[0, 13, 1, 4]
E         ?  	 		    ^^ ---
E         + 4	5		[0, 9, 4]
E         ?  	 		    ^
E           5	1		[0, 5]
E           6	4		[0, 5, 8, 6]
E           7	2		[0, 5, 7]
E           8	3		[0, 5, 8]
E           9	4		[0, 9]
E           10	5		[0, 5, 2, 10]
E           11	5		[0, 9, 11]
E           12	2		[0, 12]
E           13	1		[0, 13]
E           14	2		[0, 13, 14]
E           15	6		[0, 5, 7, 15]
E           16	3		[0, 5, 19, 16]
E           17	4		[0, 5, 19, 17]
E           18	4		[0, 13, 14, 18]
E           19	2		[0, 5, 19]

test_algorithms.py:88: AssertionError
----------------------------- Captured stdout call -----------------------------
[[1. 0. 0. 0. 0. 1. 0. 0. 0. 1. 0. 0. 1. 1. 0. 0. 0. 0. 0. 0.]
 [0. 0. 1. 1. 1. 0. 1. 0. 0. 0. 0. 0. 0. 1. 0. 0. 0. 0. 0. 0.]
 [1. 0. 0. 0. 1. 1. 0. 0. 0. 0. 1. 1. 0. 0. 0. 0. 1. 0. 0. 0.]
 [0. 0. 0. 0. 0. 0. 0. 0. 1. 0. 0. 0. 1. 0. 0. 0. 1. 1. 1. 1.]
 [0. 0. 1. 0. 1. 0. 0. 1. 1. 0. 0. 0. 0. 0. 0. 0. 0. 1. 1. 1.]
 [0. 0. 1. 1. 0. 1. 0. 1. 1. 1. 0. 0. 0. 0. 1. 0. 1. 0. 0. 1.]
 [1. 0. 0. 0. 0. 1. 0. 0. 1. 0. 0. 1. 0. 0. 1. 0. 0. 1. 0. 1.]
 [0. 0. 1. 0. 1. 0. 0. 0. 0. 0. 0. 0. 0. 0. 1. 1. 0. 0. 0. 0.]
 [0. 1. 0. 1. 0. 1. 1. 0. 1. 0. 0. 0. 0. 0. 0. 0. 0. 0. 1. 0.]
 [0. 0. 0. 0. 1. 1. 0. 0. 1. 0. 0. 1. 0. 1. 0. 0. 1. 0. 0. 0.]
 [0. 0. 0. 1. 0. 1. 0. 0. 0. 0. 0. 1. 0. 0. 0. 0. 0. 0. 0. 1.]
 [1. 0. 1. 0. 0. 1. 0. 0. 0. 1. 0. 0. 0. 0. 0. 1. 0. 0. 1. 0.]
 [0. 0. 0. 0. 0. 0. 0. 0. 1. 1. 0. 0. 0. 0. 1. 0. 0. 1. 0. 0.]
 [0. 1. 0. 0. 0. 1. 0. 0. 0. 1. 0. 0. 1. 0. 1. 0. 0. 1. 0. 0.]
 [1. 1. 0. 0. 0. 1. 0. 0. 0. 0. 0. 0. 1. 1. 0. 0. 0. 0. 1. 0.]
 [0. 0. 1. 0. 1. 1. 0. 1. 0. 1. 0. 0. 1. 0. 0. 0. 1. 1. 1. 0.]
 [0. 0. 1. 0. 1. 1. 0. 1. 0. 1. 0. 0. 1. 1. 0. 0. 0. 0. 0. 1.]
 [0. 0. 0. 0. 1. 0. 1. 1. 0. 1. 1. 0. 0. 1. 0. 0. 1. 1. 1. 0.]
 [1. 1. 0. 0. 1. 0. 1. 1. 0. 0. 1. 0. 1. 0. 1. 0. 0. 0. 0. 1.]
 [1. 0. 0. 1. 0. 1. 0. 1. 0. 0. 0. 1. 1. 0. 1. 0. 1. 1. 0. 0.]]
[[3 3 2 4 4 1 4 1 1 4 2 1 2 1 3 4 1 3 1 1]
 [1 4 4 3 3 2 4 1 2 1 2 3 2 1 3 3 1 1 4 4]
 [2 1 2 3 2 2 4 3 1 3 2 4 1 4 1 2 2 2 1 2]
 [4 2 2 2 1 3 3 4 2 4 4 3 3 3 2 3 1 2 1 1]
 [1 3 1 3 1 2 4 1 2 1 4 1 4 1 3 2 4 3 2 4]
 [1 4 2 3 2 1 1 1 2 3 1 2 4 3 4 3 4 2 2 1]
 [4 4 2 1 2 4 4 2 4 2 4 2 4 2 4 2 2 4 2 4]
 [3 3 1 1 4 2 1 3 1 3 3 1 1 4 3 4 2 1 4 2]
 [3 2 1 1 1 4 1 1 1 1 4 3 3 1 4 4 1 2 4 1]
 [2 4 2 1 1 2 3 2 2 1 3 1 4 2 1 4 3 1 1 4]
 [4 2 4 1 4 1 3 3 4 2 1 4 2 3 1 1 4 1 1 3]
 [1 3 3 3 2 1 1 4 2 4 2 2 2 3 2 3 4 3 3 3]
 [1 4 4 1 4 2 4 1 1 2 3 4 1 1 4 2 4 3 2 3]
 [1 1 3 3 4 4 4 3 4 4 1 2 4 2 1 3 4 4 2 2]
 [3 3 1 2 1 3 4 2 4 1 3 3 1 4 4 2 1 2 2 1]
 [2 1 3 3 4 3 4 4 2 3 2 4 3 4 1 4 1 2 1 3]
 [3 4 4 2 3 3 3 3 1 2 4 1 1 3 1 1 4 2 2 2]
 [2 1 1 3 3 1 2 3 1 2 3 1 1 2 4 2 3 3 2 2]
 [2 3 2 2 2 2 2 3 3 3 4 3 2 1 2 1 2 3 4 3]
 [3 1 4 3 2 1 1 3 2 3 4 4 3 3 2 3 1 2 2 3]]
============================== 1 failed in 0.10s ===============================
