============================= test session starts ==============================
platform darwin -- Python 3.9.18, pytest-8.0.2, pluggy-1.4.0 -- /Users/rrn22/miniconda3/envs/tobin_env/bin/python3.9
cachedir: .pytest_cache
benchmark: 4.0.0 (defaults: timer=time.perf_counter disable_gc=False min_rounds=5 min_time=0.000005 max_time=1.0 calibration_precision=10 warmup=False warmup_iterations=100000)
rootdir: /Users/rrn22/ctdot-tobin-yse/13_Arkolakis
plugins: anyio-4.2.0, benchmark-4.0.0
collecting ... collected 1 item

test_algorithms.py::test_bellman_ford_dijkstra FAILED                    [100%]

=================================== FAILURES ===================================
__________________________ test_bellman_ford_dijkstra __________________________

setup_graph = (<bellman_ford.Graph object at 0x101f8b730>, array([[1., 1., 0., 0., 1., 0., 0., 0., 0., 1., 0., 0., 0., 0., 0., 0.,
 ...4, 3, 3, 4, 3, 4, 2, 4, 1, 2, 2, 1, 3, 2, 2, 2],
       [4, 3, 2, 1, 2, 4, 2, 1, 4, 3, 4, 3, 2, 4, 3, 4, 4, 3, 2, 1]]))
capfd = <_pytest.capture.CaptureFixture object at 0x103486df0>

    def test_bellman_ford_dijkstra(setup_graph, capfd):
        g, graph, graph_weights = setup_graph
        g.BellmanFord(0)
        out1, err1 = capfd.readouterr()
        g.reset()
        g.Dijkstra(0)
        out2, err2 = capfd.readouterr()
        print(graph)
        print(graph_weights)
    
>       assert(out1 == out2)
E       AssertionError: assert 'Vertex Distance from Source, and Path\n0\t0\t\t[0]\n1\t2\t\t[0, 1]\n2\t5\t\t[0, 1, 6, 2]\n3\t5\t\t[0, 4, 3]\n4\t4\t\t[0, 4]\n5\t7\t\t[0, 1, 9, 5]\n6\t4\t\t[0, 1, 6]\n7\t5\t\t[0, 1, 14, 7]\n8\t4\t\t[0, 1, 8]\n9\t3\t\t[0, 1, 9]\n10\t7\t\t[0, 1, 12, 10]\n11\t6\t\t[0, 1, 11]\n12\t3\t\t[0, 1, 12]\n13\t5\t\t[0, 1, 6, 13]\n14\t3\t\t[0, 1, 14]\n15\t4\t\t[0, 1, 15]\n16\t4\t\t[0, 1, 9, 16]\n17\t6\t\t[0, 1, 17]\n18\t6\t\t[0, 1, 6, 13, 18]\n19\t5\t\t[0, 1, 19]\n' == 'Vertex Distance from Source, and Path\n0\t0\t\t[0]\n1\t2\t\t[0, 1]\n2\t5\t\t[0, 1, 6, 2]\n3\t5\t\t[0, 4, 3]\n4\t4\t\t[0, 4]\n5\t7\t\t[0, 1, 9, 5]\n6\t4\t\t[0, 1, 6]\n7\t5\t\t[0, 1, 14, 7]\n8\t4\t\t[0, 1, 8]\n9\t3\t\t[0, 1, 9]\n10\t7\t\t[0, 1, 12, 10]\n11\t6\t\t[0, 1, 11]\n12\t3\t\t[0, 1, 12]\n13\t5\t\t[0, 1, 6, 13]\n14\t3\t\t[0, 1, 14]\n15\t4\t\t[0, 1, 15]\n16\t4\t\t[0, 1, 9, 16]\n17\t6\t\t[0, 1, 17]\n18\t6\t\t[0, 4, 3, 18]\n19\t5\t\t[0, 1, 19]\n'
E         
E           Vertex Distance from Source, and Path
E           0	0		[0]
E           1	2		[0, 1]
E           2	5		[0, 1, 6, 2]
E           3	5		[0, 4, 3]
E           4	4		[0, 4]
E           5	7		[0, 1, 9, 5]
E           6	4		[0, 1, 6]
E           7	5		[0, 1, 14, 7]
E           8	4		[0, 1, 8]
E           9	3		[0, 1, 9]
E           10	7		[0, 1, 12, 10]
E           11	6		[0, 1, 11]
E           12	3		[0, 1, 12]
E           13	5		[0, 1, 6, 13]
E           14	3		[0, 1, 14]
E           15	4		[0, 1, 15]
E           16	4		[0, 1, 9, 16]
E           17	6		[0, 1, 17]
E         - 18	6		[0, 4, 3, 18]
E         ?   	 		    ^
E         + 18	6		[0, 1, 6, 13, 18]
E         ?   	 		    ^  ++++
E           19	5		[0, 1, 19]

test_algorithms.py:88: AssertionError
----------------------------- Captured stdout call -----------------------------
[[1. 1. 0. 0. 1. 0. 0. 0. 0. 1. 0. 0. 0. 0. 0. 0. 0. 0. 0. 0.]
 [0. 1. 0. 0. 1. 0. 1. 0. 1. 1. 0. 1. 1. 0. 1. 1. 1. 1. 0. 1.]
 [0. 0. 0. 0. 0. 0. 0. 1. 0. 0. 1. 0. 1. 1. 0. 0. 0. 1. 0. 0.]
 [0. 1. 0. 0. 0. 0. 0. 1. 0. 1. 0. 0. 0. 0. 0. 1. 0. 0. 1. 0.]
 [0. 0. 0. 1. 1. 0. 0. 0. 0. 0. 0. 0. 0. 0. 0. 1. 0. 0. 0. 0.]
 [0. 0. 0. 1. 0. 0. 0. 0. 0. 0. 1. 1. 0. 1. 0. 1. 0. 0. 0. 0.]
 [0. 0. 1. 0. 0. 0. 0. 1. 0. 0. 0. 0. 0. 1. 0. 1. 0. 1. 0. 0.]
 [1. 1. 0. 1. 1. 0. 0. 0. 0. 1. 0. 1. 0. 1. 0. 0. 0. 0. 0. 0.]
 [0. 1. 0. 0. 0. 0. 0. 0. 0. 0. 0. 0. 0. 1. 0. 0. 1. 0. 0. 1.]
 [0. 1. 0. 0. 0. 1. 0. 0. 0. 1. 0. 1. 0. 0. 0. 0. 1. 1. 1. 0.]
 [0. 0. 0. 0. 0. 0. 0. 0. 0. 0. 0. 0. 1. 0. 1. 0. 0. 0. 0. 1.]
 [1. 0. 0. 1. 0. 0. 0. 1. 0. 1. 0. 1. 0. 0. 0. 0. 0. 1. 0. 0.]
 [0. 0. 0. 0. 0. 0. 0. 0. 1. 0. 1. 0. 0. 0. 0. 0. 0. 0. 1. 0.]
 [1. 0. 0. 0. 1. 0. 0. 0. 0. 1. 0. 1. 1. 0. 0. 0. 0. 1. 1. 0.]
 [0. 0. 0. 1. 0. 0. 1. 1. 0. 0. 1. 0. 0. 0. 0. 1. 0. 0. 0. 0.]
 [0. 0. 0. 0. 0. 0. 0. 0. 0. 1. 1. 0. 0. 1. 0. 0. 1. 0. 1. 1.]
 [0. 0. 0. 0. 0. 0. 1. 1. 0. 0. 0. 1. 0. 0. 0. 0. 0. 0. 0. 1.]
 [0. 0. 1. 0. 1. 0. 0. 0. 0. 1. 0. 0. 1. 0. 1. 0. 0. 0. 0. 0.]
 [1. 1. 0. 1. 0. 0. 0. 0. 1. 0. 1. 0. 0. 1. 0. 1. 0. 0. 1. 0.]
 [0. 0. 1. 0. 1. 0. 0. 0. 1. 0. 1. 0. 0. 0. 0. 0. 0. 0. 1. 0.]]
[[4 2 1 4 4 1 4 3 4 4 1 4 4 1 3 3 1 1 1 2]
 [3 4 4 4 3 1 2 4 2 1 2 4 1 4 1 2 4 4 3 3]
 [3 2 3 2 1 4 3 3 4 1 2 1 2 3 3 4 4 2 2 3]
 [3 2 2 4 2 1 2 1 1 2 3 4 2 2 3 2 1 4 1 1]
 [2 4 2 1 1 2 2 4 1 4 2 2 4 2 3 3 2 3 2 1]
 [3 3 4 4 4 2 2 4 4 2 1 4 4 1 1 2 4 3 3 1]
 [3 1 1 3 3 3 3 4 1 3 1 3 1 1 3 3 1 4 2 3]
 [2 3 2 1 3 2 3 4 4 4 4 1 2 1 1 2 1 4 2 2]
 [4 4 1 2 4 2 4 1 4 4 2 3 3 1 1 4 4 1 2 2]
 [4 4 4 3 4 4 1 4 3 2 1 3 1 3 3 1 1 3 4 4]
 [2 3 1 1 2 4 4 3 4 2 2 2 4 4 1 4 4 2 1 2]
 [1 4 2 2 1 1 1 3 1 3 1 3 1 1 2 3 3 4 1 4]
 [3 3 1 1 1 2 2 3 1 2 4 4 2 2 4 3 2 2 4 3]
 [1 4 2 2 3 2 4 2 3 1 2 3 3 2 1 2 2 3 1 2]
 [2 4 4 4 4 2 1 2 2 3 4 3 3 3 1 2 1 2 3 1]
 [3 2 2 3 1 1 2 3 1 4 3 3 2 3 3 2 3 1 4 2]
 [4 1 2 2 3 1 2 1 3 4 4 2 2 4 2 4 3 1 1 4]
 [1 1 3 2 2 2 3 1 2 1 1 2 3 4 4 2 3 4 2 3]
 [2 2 1 2 4 3 3 4 3 4 2 4 1 2 2 1 3 2 2 2]
 [4 3 2 1 2 4 2 1 4 3 4 3 2 4 3 4 4 3 2 1]]
============================== 1 failed in 0.15s ===============================
